<?xml version="1.0" encoding="UTF-8" standalone="no"?><testsuite errors="0" failures="0" name="Compra de productos en un sitio web" skipped="0" tests="6" time="40.95" timestamp="2025-03-01 11:11:50"><testcase name="Ingreso a la pagina principal de Swag Labs con credenciales validas"/><testcase name="Ingreso a la pagina principal de Swag Labs con usuario bloqueado"/><testcase name="Ordenamiento de productos"/><testcase name="Agregar productos al carrito"/><testcase name="Eliminar productos del carrito"/><testcase name="Finalizar la compra exitosamente"/></testsuite>